Archive:  ode11etc.zip
 Length  Method   Size  Ratio   Date    Time   CRC-32     Name
 ------  ------   ----  -----   ----    ----   ------     ----
   1856  Implode    976  47%  06-10-90  00:49  467e11c0   allocmem.c
    243  Shrunk     205  16%  05-16-92  20:56  77c226b7   ansicode.esc
     53  Shrunk      42  21%  03-12-92  18:08  6df083b0   ash.ob0
     54  Shrunk      48  11%  03-12-92  18:20  b9b8fe52   ash.ob1
    115  Stored     115   0%  03-12-92  18:19  23b000d5   ash.ob2
    114  Stored     114   0%  03-12-92  18:19  14c92785   ash.ob3
    225  Shrunk     133  41%  07-02-90  08:12  09dd7abf   atoi.o11
     16  Shrunk      15   6%  01-17-80  07:34  bf7da9c6   avanti1.o11
     57  Shrunk      44  23%  01-17-80  07:33  bd08a77e   avanti2.o11
     75  Shrunk      58  23%  01-17-80  08:12  eafbbe18   avanti3.o11
     75  Shrunk      58  23%  01-17-80  08:14  79933e9a   avanti4.o11
    152  Shrunk      92  40%  01-17-80  12:25  6d2327ff   avanti5.o11
    131  Shrunk      81  38%  01-17-80  08:44  3eb194c8   avanti5.org
    152  Shrunk      92  40%  01-17-80  12:39  f463c090   avanti6.o11
    151  Shrunk      92  39%  09-01-90  02:11  90dcdd03   avanti7.o11
    181  Shrunk     106  41%  09-02-90  14:37  99d0b1c7   avanti8.o11
    297  Shrunk     212  29%  09-05-90  01:19  d3caf761   avanti9.o11
   3429  Implode    764  78%  12-23-90  18:16  10d08e09   boot.exa
   2455  Implode   1189  52%  01-01-80  00:14  af1b0f9b   convert.c
   2650  Implode   1152  57%  10-12-92  23:48  e63eead6   creatabl.c
    192  Shrunk     110  43%  02-23-92  05:20  579b4290   divby10.o11
  56254  Implode  14180  75%  10-13-92  01:24  014bb7d0   e11.asm
   1013  Implode    512  50%  05-21-92  02:58  9a0099cc   echo1.dmp
    152  Shrunk     105  31%  05-21-92  02:38  cdc12a03   echo1.o11
    120  Shrunk      78  35%  05-21-92  02:50  b4789579   echo1.tst
   7218  Implode   3094  57%  10-16-90  04:29  cb884023   emulidea.txt
     49  Shrunk      44  10%  02-07-92  23:51  dbccf250   epso.bat
   4226  Implode   2135  50%  06-01-90  03:49  568e18a3   extensio.txt
  14867  Implode   1541  90%  10-12-92  23:47  919eeefc   flagtabs.asm
   6513  Implode   1874  71%  04-06-90  04:55  067afdd5   fontpack.c
   1152  Implode    666  42%  03-13-92  01:03  789c8fa8   getlin.mac
   5095  Implode   1939  62%  06-10-90  00:59  06faa783   getnchar.asm
   2845  Implode   1303  54%  12-28-90  06:00  2a97eb74   hex2bin.c
   9424  Implode   5713  39%  12-28-90  06:00  ac55006b   hex2bin.exe
   1721  Implode    674  61%  12-23-90  00:47  5922c48c   hobol.c
   8720  Implode   5411  38%  12-23-90  00:48  56a3a914   hobol.exe
    242  Shrunk     147  39%  05-21-92  01:52  2718e700   inbuf.o11
  37911  Implode   3253  91%  10-13-92  00:51  c2fd95b9   instrtab.asm
  10437  Implode   3159  70%  03-12-92  22:23  0e94103b   intbuf.mac
    139  Shrunk      95  32%  10-07-90  20:35  01c842ca   intout.o11
   1349  Implode    754  44%  07-07-90  23:31  c7e434de   intout32.a11
    109  Shrunk      76  30%  07-01-90  08:44  037d1e8c   iotest1.o11
    124  Shrunk      88  29%  10-07-90  20:36  8e24cea5   iotest2.o11
    117  Shrunk      80  32%  10-07-90  20:33  2897c22e   iotest2.org
    272  Shrunk     151  45%  09-02-90  05:07  1ae55185   iotest3.o11
    336  Implode    175  48%  09-02-90  06:46  7b568bb8   iotest4.o11
    320  Shrunk     174  46%  09-02-90  14:23  660262bc   iotest5.o11
   5489  Implode   2176  60%  09-01-91  18:08  8e53106c   itoasc.c
   2048  Implode    444  78%  12-25-90  23:18  ca120fd6   kopsu.com
     86  Shrunk      71  17%  10-11-92  18:32  ab67a3f7   l11.bat
    144  Shrunk     111  23%  10-07-90  18:12  fe5e359d   l11.opt
    169  Shrunk     128  24%  12-24-90  02:16  a80037c1   luh.bat
  14513  Implode   3206  78%  10-13-92  01:55  ba7d19dd   minirt.mac
   3854  Implode    728  81%  10-13-92  02:32  68d0d0b5   minirt.od
   1341  Implode    422  69%  02-23-92  05:54  a6264371   multest.o11
    720  Implode    288  60%  02-23-92  05:33  c1542307   munat.o11
   5713  Implode   2438  57%  09-01-91  18:08  cbc6cc50   myfuns.c
  41307  Implode  11163  73%  03-13-92  02:54  f13d5506   obo.mac
  22528  Implode   3418  85%  03-13-92  22:51  55d4ca67   obo.o11
   5632  Implode   2460  56%  10-13-92  02:33  ddca3425   obo.sav
   1651  Implode    593  64%  03-12-92  18:23  be925776   obotest.ash
  16462  Implode   2187  87%  03-12-92  17:56  1ac01104   obotest.log
   7408  Implode    805  89%  03-12-92  17:54  e3ae306c   obotest.txt
  66569  Implode  19414  71%  10-12-92  00:36  67d4590c   od.c
   4989  Implode   1545  69%  10-06-90  02:47  4486cc10   od.h
  13853  Implode   5454  61%  01-23-94  01:22  7cbe3422   ode11.doc
  43744  Implode  23973  45%  10-13-92  01:26  bf5a6a80   ode11.exe
    122  Shrunk      92  25%  10-11-92  19:36  5c7f7692   ode11.mod
   6467  Implode   3272  49%  10-13-92  01:26  ce8c1107   ode11.sym
    449  Implode    235  48%  12-24-90  03:13  6a718530   odfundef.h
   4229  Implode   1742  59%  03-13-92  22:43  12c2717b   otob.c
   7312  Implode   4512  38%  03-13-92  22:44  c29c2616   otob.exe
   2006  Implode    844  58%  03-12-92  22:22  7f5adb00   output.mac
   1320  Implode    770  42%  12-23-90  20:28  aa33e313   paikat.doc
   4604  Implode   1884  59%  12-23-90  07:01  fe576a1d   pal2dep.c
   9216  Implode   5765  37%  12-23-90  07:01  2bc82a8f   pal2dep.exe
   5603  Implode   2048  63%  10-11-92  18:21  9b2adcec   parsechr.c
   4855  Implode   1709  65%  06-10-90  05:08  6fa7c847   pdp11.hlp
   6667  Implode   2515  62%  02-19-92  14:17  87d03e99   pdp11set.lsp
   4110  Implode    826  80%  02-19-92  01:22  08b0a987   pdp11set.lst
  10731  Implode   4763  56%  01-09-86  13:31  bc740952   pdpstory.txt
   8204  Implode   2646  68%  12-25-90  22:54  591eff82   poro.c
  10496  Implode   6478  38%  12-25-90  22:55  45637b01   poro.exe
   3740  Implode   1065  72%  10-13-92  00:50  92d88a73   pubtab.asm
   1955  Implode   1148  41%  01-23-94  01:19  c68ed8ef   readme.txt
   7790  Implode   3209  59%  10-13-92  22:50  e9843e69   regcop.mac
   4224  Implode    451  89%  10-13-92  22:57  60a3b2a0   regcop.od
   2063  Implode    706  66%  10-13-92  23:00  479433d5   regcop0.ode
    168  Shrunk     167   1%  10-13-92  23:00  e74c1ee8   regcop0.sav
    724  Implode    382  47%  10-13-92  23:46  79ad90cc   regcopr.od
  14803  Implode   5585  62%  10-06-92  23:40  422ba974   regper.mac
   2232  Implode    593  73%  05-21-92  02:23  66f6e108   reva.dmp
    254  Shrunk     165  35%  05-21-92  02:02  88d654bd   reva.o11
    416  Implode    183  56%  05-21-92  02:27  62ca7926   reva.tst
    549  Implode    229  58%  01-17-80  14:11  d41691e6   selfmod.a11
   3832  Implode   1401  63%  10-04-92  02:55  cda1bd45   selfmod2.a11
    311  Shrunk     229  26%  10-11-92  19:33  527dca10   strdup.c
   7053  Implode   2313  67%  09-01-91  18:12  773f48ec   streq.asm
   5366  Implode   2005  63%  09-01-91  18:10  c4a909be   strfuns2.c
   5165  Implode   1631  68%  06-07-88  03:24  df34d57a   summary.c
    182  Shrunk     116  36%  07-01-90  05:49  ee3b3559   testi.o11
    211  Shrunk     126  40%  10-07-90  20:33  06671d8a   testi2.o11
    211  Shrunk     126  40%  10-07-90  20:32  06671d8a   testi2.org
   2227  Implode    885  60%  07-01-90  03:11  8a4a6a1c   timefuns.c
     56  Shrunk      49  13%  09-04-90  23:49  5f212e53   vode.bat
     29  Stored      29   0%  09-02-90  14:37  26a9b2ce   vode2.bat
   7019  Implode   2778  60%  01-20-92  07:18  6050a9e3   wildcard.c
 ------          ------  ---                              -------
 598589          199815  67%                              107    
