(000000 HALT)
(000001 WAIT)
(000002 RTI)
(000003 BPT)
(000004 IOT)
(000005 RESET)
(000006 RTT)
(000007 MFPT)
((177700 000100 (%D 0 000077)) JMP %D)
((177770 000200 (%R 0 000007)) RTS %R)
((177770 000230 (%N 0 000007)) SPL %N)
(000240 NOP)
(000241 CLC)
(000242 CLV)
(000244 CLZ)
(000250 CLN)
(000257 CCC)
(000260 NoP)
(000261 SEC)
(000262 SEV)
(000264 SEZ)
(000270 SEN)
(000277 SCC)
((177700 000300 (%D 0 000077)) SWAB %D)
((177400 000400 (%I 0 000377)) BR %I)
((177400 001000 (%I 0 000377)) BNE %I)
((177400 001400 (%I 0 000377)) BEQ %I)
((177400 002000 (%I 0 000377)) BGE %I)
((177400 002400 (%I 0 000377)) BLT %I)
((177400 003000 (%I 0 000377)) BGT %I)
((177400 003400 (%I 0 000377)) BLE %I)
((177000 004000 (%R 6 000007) (%D 0 000077)) JSR %R , %D)
((177700 005000 (%D 0 000077)) CLR %D)
((177700 005100 (%D 0 000077)) COM %D)
((177700 005200 (%D 0 000077)) INC %D)
((177700 005300 (%D 0 000077)) DEC %D)
((177700 005400 (%D 0 000077)) NEG %D)
((177700 005500 (%D 0 000077)) ADC %D)
((177700 005600 (%D 0 000077)) SBC %D)
((177700 005700 (%D 0 000077)) TST %D)
((177700 006000 (%D 0 000077)) ROR %D)
((177700 006100 (%D 0 000077)) ROL %D)
((177700 006200 (%D 0 000077)) ASR %D)
((177700 006300 (%D 0 000077)) ASL %D)
((177700 006400 (%N 0 000077)) MARK %N)
((177700 006500 (%S 0 000077)) MFPI %S)
((177700 006600 (%D 0 000077)) MTPI %D)
((177700 006700 (%D 0 000077)) SXT %D)
((177700 007000 (%D 0 000077)) CSM %D)
((170000 010000 (%S 6 000077) (%D 0 000077)) MOV %S , %D)
((170000 020000 (%S 6 000077) (%D 0 000077)) CMP %S , %D)
((170000 030000 (%S 6 000077) (%D 0 000077)) BIT %S , %D)
((170000 040000 (%S 6 000077) (%D 0 000077)) BIC %S , %D)
((170000 050000 (%S 6 000077) (%D 0 000077)) BIS %S , %D)
((170000 060000 (%S 6 000077) (%D 0 000077)) ADD %S , %D)
((177000 070000 (%R 6 000007) (%S 0 000077)) MUL %S , %R)
((177000 071000 (%R 6 000007) (%S 0 000077)) DIV %S , %R)
((177000 072000 (%R 6 000007) (%S 0 000077)) ASH %S , %R)
((177000 073000 (%R 6 000007) (%S 0 000077)) ASHC %S , %R)
((177000 074000 (%R 6 000007) (%D 0 000077)) XOR %R , %D)
((177000 077000 (%R 6 000007) (%J 0 000077)) SOB %R , %J)
((177400 100000 (%I 0 000377)) BPL %I)
((177400 100400 (%I 0 000377)) BMI %I)
((177400 101000 (%I 0 000377)) BHI %I)
((177400 101400 (%I 0 000377)) BLOS %I)
((177400 102000 (%I 0 000377)) BVC %I)
((177400 102400 (%I 0 000377)) BVS %I)
((177400 103000 (%I 0 000377)) BCC %I)
((177400 103000 (%I 0 000377)) BHIS %I)
((177400 103400 (%I 0 000377)) BCS %I)
((177400 103400 (%I 0 000377)) BLO %I)
((177400 104000 (%Y 0 000377)) EMT %Y)
((177400 104400 (%Y 0 000377)) TRAP %Y)
((177700 105000 (%D 0 000077)) CLRB %D)
((177700 105100 (%D 0 000077)) COMB %D)
((177700 105200 (%D 0 000077)) INCB %D)
((177700 105300 (%D 0 000077)) DECB %D)
((177700 105400 (%D 0 000077)) NEGB %D)
((177700 105500 (%D 0 000077)) ADCB %D)
((177700 105600 (%D 0 000077)) SBCB %D)
((177700 105700 (%D 0 000077)) TSTB %D)
((177700 106000 (%D 0 000077)) RORB %D)
((177700 106100 (%D 0 000077)) ROLB %D)
((177700 106200 (%D 0 000077)) ASRB %D)
((177700 106300 (%D 0 000077)) ASLB %D)
((177700 106400 (%S 0 000077)) MTPS %S)
((177700 106500 (%S 0 000077)) MFPD %S)
((177700 106600 (%D 0 000077)) MTPD %D)
((177700 106700 (%D 0 000077)) MFPS %D)
((170000 110000 (%S 6 000077) (%D 0 000077)) MOVB %S , %D)
((170000 120000 (%S 6 000077) (%D 0 000077)) CMPB %S , %D)
((170000 130000 (%S 6 000077) (%D 0 000077)) BITB %S , %D)
((170000 140000 (%S 6 000077) (%D 0 000077)) BICB %S , %D)
((170000 150000 (%S 6 000077) (%D 0 000077)) BISB %S , %D)
((170000 160000 (%S 6 000077) (%D 0 000077)) SUB %S , %D)
((000000 000000 (%N 0 177777)) .WORD %N)

patterns
(000027 # %W)
(000037 @ # %W)
(000067 %Z)
(000077 @ %Z)
((177770 000000 (%R 0 000007)) %R)
((177770 000010 (%R 0 000007)) (%R))
((177770 000020 (%R 0 000007)) (%R) +)
((177770 000030 (%R 0 000007)) @ (%R) +)
((177770 000040 (%R 0 000007)) - (%R))
((177770 000050 (%R 0 000007)) @ - (%R))
((177770 000060 (%R 0 000007)) %W (%R))
((177770 000070 (%R 0 000007)) @ %W (%R))
